[0.438s] DEBUG:colcon:Command line arguments: ['/usr/bin/colcon', 'list', '-p', '--base-paths', '/home/knug-artur/dev/cobots/ws/src/lab']
[0.438s] DEBUG:colcon:Parsed command line arguments: Namespace(base_paths=['/home/knug-artur/dev/cobots/ws/src/lab'], build_base='build', ignore_user_meta=False, log_base=None, log_level=None, main=<bound method ListVerb.main of <colcon_package_information.verb.list.ListVerb object at 0x7f0c88d595e0>>, metas=['./colcon.meta'], names_only=False, packages_above=None, packages_above_and_dependencies=None, packages_above_depth=None, packages_end=None, packages_ignore=None, packages_ignore_regex=None, packages_select=None, packages_select_build_failed=False, packages_select_by_dep=None, packages_select_regex=None, packages_select_test_failures=False, packages_skip=None, packages_skip_build_finished=False, packages_skip_by_dep=None, packages_skip_regex=None, packages_skip_test_passed=False, packages_skip_up_to=None, packages_start=None, packages_up_to=None, packages_up_to_regex=None, paths=None, paths_only=True, topological_graph=False, topological_graph_density=False, topological_graph_dot=False, topological_graph_dot_cluster=False, topological_graph_dot_include_skipped=False, topological_graph_legend=False, topological_order=False, verb_extension=<colcon_package_information.verb.list.ListVerb object at 0x7f0c88d595e0>, verb_name='list', verb_parser=<colcon_defaults.argument_parser.defaults.DefaultArgumentsDecorator object at 0x7f0c88cd9430>)
[0.659s] Level 1:colcon.colcon_core.package_discovery:discover_packages(colcon_meta) check parameters
[0.673s] Level 1:colcon.colcon_core.package_discovery:discover_packages(recursive) check parameters
[0.673s] Level 1:colcon.colcon_core.package_discovery:discover_packages(ignore) check parameters
[0.673s] Level 1:colcon.colcon_core.package_discovery:discover_packages(path) check parameters
[0.673s] Level 1:colcon.colcon_core.package_discovery:discover_packages(recursive) discover
[0.673s] INFO:colcon.colcon_core.package_discovery:Crawling recursively for packages in '/home/knug-artur/dev/cobots/ws/src/lab'
[0.674s] Level 1:colcon.colcon_core.package_identification:_identify(/home/knug-artur/dev/cobots/ws/src/lab) by extensions ['ignore', 'ignore_ament_install']
[0.674s] Level 1:colcon.colcon_core.package_identification:_identify(/home/knug-artur/dev/cobots/ws/src/lab) by extension 'ignore'
[0.674s] Level 1:colcon.colcon_core.package_identification:_identify(/home/knug-artur/dev/cobots/ws/src/lab) by extension 'ignore_ament_install'
[0.674s] Level 1:colcon.colcon_core.package_identification:_identify(/home/knug-artur/dev/cobots/ws/src/lab) by extensions ['colcon_pkg']
[0.674s] Level 1:colcon.colcon_core.package_identification:_identify(/home/knug-artur/dev/cobots/ws/src/lab) by extension 'colcon_pkg'
[0.674s] Level 1:colcon.colcon_core.package_identification:_identify(/home/knug-artur/dev/cobots/ws/src/lab) by extensions ['colcon_meta']
[0.680s] Level 1:colcon.colcon_core.package_identification:_identify(/home/knug-artur/dev/cobots/ws/src/lab) by extension 'colcon_meta'
[0.680s] Level 1:colcon.colcon_core.package_identification:_identify(/home/knug-artur/dev/cobots/ws/src/lab) by extensions ['ros']
[0.680s] Level 1:colcon.colcon_core.package_identification:_identify(/home/knug-artur/dev/cobots/ws/src/lab) by extension 'ros'
[0.736s] Level 1:colcon.colcon_core.package_identification:_identify(/home/knug-artur/dev/cobots/ws/src/lab) by extensions ['cmake', 'python']
[0.740s] Level 1:colcon.colcon_core.package_identification:_identify(/home/knug-artur/dev/cobots/ws/src/lab) by extension 'cmake'
[0.740s] Level 1:colcon.colcon_core.package_identification:_identify(/home/knug-artur/dev/cobots/ws/src/lab) by extension 'python'
[0.740s] Level 1:colcon.colcon_core.package_identification:_identify(/home/knug-artur/dev/cobots/ws/src/lab) by extensions ['python_setup_py']
[0.740s] Level 1:colcon.colcon_core.package_identification:_identify(/home/knug-artur/dev/cobots/ws/src/lab) by extension 'python_setup_py'
[0.741s] Level 1:colcon.colcon_core.package_identification:_identify(/home/knug-artur/dev/cobots/ws/src/lab/log) by extensions ['ignore', 'ignore_ament_install']
[0.741s] Level 1:colcon.colcon_core.package_identification:_identify(/home/knug-artur/dev/cobots/ws/src/lab/log) by extension 'ignore'
[0.741s] Level 1:colcon.colcon_core.package_identification:_identify(/home/knug-artur/dev/cobots/ws/src/lab/log) ignored
[0.741s] Level 1:colcon.colcon_core.package_identification:_identify(/home/knug-artur/dev/cobots/ws/src/lab/src) by extensions ['ignore', 'ignore_ament_install']
[0.741s] Level 1:colcon.colcon_core.package_identification:_identify(/home/knug-artur/dev/cobots/ws/src/lab/src) by extension 'ignore'
[0.741s] Level 1:colcon.colcon_core.package_identification:_identify(/home/knug-artur/dev/cobots/ws/src/lab/src) by extension 'ignore_ament_install'
[0.741s] Level 1:colcon.colcon_core.package_identification:_identify(/home/knug-artur/dev/cobots/ws/src/lab/src) by extensions ['colcon_pkg']
[0.742s] Level 1:colcon.colcon_core.package_identification:_identify(/home/knug-artur/dev/cobots/ws/src/lab/src) by extension 'colcon_pkg'
[0.742s] Level 1:colcon.colcon_core.package_identification:_identify(/home/knug-artur/dev/cobots/ws/src/lab/src) by extensions ['colcon_meta']
[0.742s] Level 1:colcon.colcon_core.package_identification:_identify(/home/knug-artur/dev/cobots/ws/src/lab/src) by extension 'colcon_meta'
[0.742s] Level 1:colcon.colcon_core.package_identification:_identify(/home/knug-artur/dev/cobots/ws/src/lab/src) by extensions ['ros']
[0.742s] Level 1:colcon.colcon_core.package_identification:_identify(/home/knug-artur/dev/cobots/ws/src/lab/src) by extension 'ros'
[0.742s] Level 1:colcon.colcon_core.package_identification:_identify(/home/knug-artur/dev/cobots/ws/src/lab/src) by extensions ['cmake', 'python']
[0.742s] Level 1:colcon.colcon_core.package_identification:_identify(/home/knug-artur/dev/cobots/ws/src/lab/src) by extension 'cmake'
[0.742s] Level 1:colcon.colcon_core.package_identification:_identify(/home/knug-artur/dev/cobots/ws/src/lab/src) by extension 'python'
[0.742s] Level 1:colcon.colcon_core.package_identification:_identify(/home/knug-artur/dev/cobots/ws/src/lab/src) by extensions ['python_setup_py']
[0.742s] Level 1:colcon.colcon_core.package_identification:_identify(/home/knug-artur/dev/cobots/ws/src/lab/src) by extension 'python_setup_py'
[0.743s] Level 1:colcon.colcon_core.package_identification:_identify(/home/knug-artur/dev/cobots/ws/src/lab/src/case_suite) by extensions ['ignore', 'ignore_ament_install']
[0.743s] Level 1:colcon.colcon_core.package_identification:_identify(/home/knug-artur/dev/cobots/ws/src/lab/src/case_suite) by extension 'ignore'
[0.743s] Level 1:colcon.colcon_core.package_identification:_identify(/home/knug-artur/dev/cobots/ws/src/lab/src/case_suite) by extension 'ignore_ament_install'
[0.743s] Level 1:colcon.colcon_core.package_identification:_identify(/home/knug-artur/dev/cobots/ws/src/lab/src/case_suite) by extensions ['colcon_pkg']
[0.743s] Level 1:colcon.colcon_core.package_identification:_identify(/home/knug-artur/dev/cobots/ws/src/lab/src/case_suite) by extension 'colcon_pkg'
[0.743s] Level 1:colcon.colcon_core.package_identification:_identify(/home/knug-artur/dev/cobots/ws/src/lab/src/case_suite) by extensions ['colcon_meta']
[0.743s] Level 1:colcon.colcon_core.package_identification:_identify(/home/knug-artur/dev/cobots/ws/src/lab/src/case_suite) by extension 'colcon_meta'
[0.743s] Level 1:colcon.colcon_core.package_identification:_identify(/home/knug-artur/dev/cobots/ws/src/lab/src/case_suite) by extensions ['ros']
[0.743s] Level 1:colcon.colcon_core.package_identification:_identify(/home/knug-artur/dev/cobots/ws/src/lab/src/case_suite) by extension 'ros'
[0.744s] Level 1:colcon.colcon_core.package_identification:_identify(/home/knug-artur/dev/cobots/ws/src/lab/src/case_suite) by extensions ['cmake', 'python']
[0.744s] Level 1:colcon.colcon_core.package_identification:_identify(/home/knug-artur/dev/cobots/ws/src/lab/src/case_suite) by extension 'cmake'
[0.744s] Level 1:colcon.colcon_core.package_identification:_identify(/home/knug-artur/dev/cobots/ws/src/lab/src/case_suite) by extension 'python'
[0.744s] Level 1:colcon.colcon_core.package_identification:_identify(/home/knug-artur/dev/cobots/ws/src/lab/src/case_suite) by extensions ['python_setup_py']
[0.744s] Level 1:colcon.colcon_core.package_identification:_identify(/home/knug-artur/dev/cobots/ws/src/lab/src/case_suite) by extension 'python_setup_py'
[0.744s] Level 1:colcon.colcon_core.package_identification:_identify(/home/knug-artur/dev/cobots/ws/src/lab/src/case_suite/case_bringup) by extensions ['ignore', 'ignore_ament_install']
[0.744s] Level 1:colcon.colcon_core.package_identification:_identify(/home/knug-artur/dev/cobots/ws/src/lab/src/case_suite/case_bringup) by extension 'ignore'
[0.744s] Level 1:colcon.colcon_core.package_identification:_identify(/home/knug-artur/dev/cobots/ws/src/lab/src/case_suite/case_bringup) by extension 'ignore_ament_install'
[0.744s] Level 1:colcon.colcon_core.package_identification:_identify(/home/knug-artur/dev/cobots/ws/src/lab/src/case_suite/case_bringup) by extensions ['colcon_pkg']
[0.745s] Level 1:colcon.colcon_core.package_identification:_identify(/home/knug-artur/dev/cobots/ws/src/lab/src/case_suite/case_bringup) by extension 'colcon_pkg'
[0.745s] Level 1:colcon.colcon_core.package_identification:_identify(/home/knug-artur/dev/cobots/ws/src/lab/src/case_suite/case_bringup) by extensions ['colcon_meta']
[0.745s] Level 1:colcon.colcon_core.package_identification:_identify(/home/knug-artur/dev/cobots/ws/src/lab/src/case_suite/case_bringup) by extension 'colcon_meta'
[0.745s] Level 1:colcon.colcon_core.package_identification:_identify(/home/knug-artur/dev/cobots/ws/src/lab/src/case_suite/case_bringup) by extensions ['ros']
[0.745s] Level 1:colcon.colcon_core.package_identification:_identify(/home/knug-artur/dev/cobots/ws/src/lab/src/case_suite/case_bringup) by extension 'ros'
[0.763s] DEBUG:colcon.colcon_core.package_identification:Package '/home/knug-artur/dev/cobots/ws/src/lab/src/case_suite/case_bringup' with type 'ros.ament_cmake' and name 'case_bringup'
[0.763s] Level 1:colcon.colcon_core.package_identification:_identify(/home/knug-artur/dev/cobots/ws/src/lab/src/case_suite/case_scenes) by extensions ['ignore', 'ignore_ament_install']
[0.764s] Level 1:colcon.colcon_core.package_identification:_identify(/home/knug-artur/dev/cobots/ws/src/lab/src/case_suite/case_scenes) by extension 'ignore'
[0.764s] Level 1:colcon.colcon_core.package_identification:_identify(/home/knug-artur/dev/cobots/ws/src/lab/src/case_suite/case_scenes) by extension 'ignore_ament_install'
[0.764s] Level 1:colcon.colcon_core.package_identification:_identify(/home/knug-artur/dev/cobots/ws/src/lab/src/case_suite/case_scenes) by extensions ['colcon_pkg']
[0.764s] Level 1:colcon.colcon_core.package_identification:_identify(/home/knug-artur/dev/cobots/ws/src/lab/src/case_suite/case_scenes) by extension 'colcon_pkg'
[0.764s] Level 1:colcon.colcon_core.package_identification:_identify(/home/knug-artur/dev/cobots/ws/src/lab/src/case_suite/case_scenes) by extensions ['colcon_meta']
[0.764s] Level 1:colcon.colcon_core.package_identification:_identify(/home/knug-artur/dev/cobots/ws/src/lab/src/case_suite/case_scenes) by extension 'colcon_meta'
[0.764s] Level 1:colcon.colcon_core.package_identification:_identify(/home/knug-artur/dev/cobots/ws/src/lab/src/case_suite/case_scenes) by extensions ['ros']
[0.764s] Level 1:colcon.colcon_core.package_identification:_identify(/home/knug-artur/dev/cobots/ws/src/lab/src/case_suite/case_scenes) by extension 'ros'
[0.765s] DEBUG:colcon.colcon_core.package_identification:Package '/home/knug-artur/dev/cobots/ws/src/lab/src/case_suite/case_scenes' with type 'ros.ament_python' and name 'case_scenes'
[0.765s] Level 1:colcon.colcon_core.package_identification:_identify(/home/knug-artur/dev/cobots/ws/src/lab/src/py_ctrl) by extensions ['ignore', 'ignore_ament_install']
[0.766s] Level 1:colcon.colcon_core.package_identification:_identify(/home/knug-artur/dev/cobots/ws/src/lab/src/py_ctrl) by extension 'ignore'
[0.766s] Level 1:colcon.colcon_core.package_identification:_identify(/home/knug-artur/dev/cobots/ws/src/lab/src/py_ctrl) by extension 'ignore_ament_install'
[0.766s] Level 1:colcon.colcon_core.package_identification:_identify(/home/knug-artur/dev/cobots/ws/src/lab/src/py_ctrl) by extensions ['colcon_pkg']
[0.766s] Level 1:colcon.colcon_core.package_identification:_identify(/home/knug-artur/dev/cobots/ws/src/lab/src/py_ctrl) by extension 'colcon_pkg'
[0.766s] Level 1:colcon.colcon_core.package_identification:_identify(/home/knug-artur/dev/cobots/ws/src/lab/src/py_ctrl) by extensions ['colcon_meta']
[0.766s] Level 1:colcon.colcon_core.package_identification:_identify(/home/knug-artur/dev/cobots/ws/src/lab/src/py_ctrl) by extension 'colcon_meta'
[0.766s] Level 1:colcon.colcon_core.package_identification:_identify(/home/knug-artur/dev/cobots/ws/src/lab/src/py_ctrl) by extensions ['ros']
[0.766s] Level 1:colcon.colcon_core.package_identification:_identify(/home/knug-artur/dev/cobots/ws/src/lab/src/py_ctrl) by extension 'ros'
[0.767s] DEBUG:colcon.colcon_core.package_identification:Package '/home/knug-artur/dev/cobots/ws/src/lab/src/py_ctrl' with type 'ros.ament_python' and name 'py_ctrl'
[0.767s] Level 1:colcon.colcon_core.package_discovery:discover_packages(recursive) using defaults
